<?xml version="1.0" encoding="UTF-8"?>
<coverage generated="1673525735190" clover="3.2.0">
  <project timestamp="1673525735190" name="All files">
    <metrics statements="105" coveredstatements="75" conditionals="20" coveredconditionals="5" methods="40" coveredmethods="30" elements="165" coveredelements="110" complexity="0" loc="105" ncloc="105" packages="3" files="13" classes="13"/>
    <package name="App1">
      <metrics statements="13" coveredstatements="6" conditionals="0" coveredconditionals="0" methods="3" coveredmethods="2"/>
      <file name="App.js" path="C:\Users\val\Documents\ReactNativeProjects\Project-master\App1\App.js">
        <metrics statements="3" coveredstatements="3" conditionals="0" coveredconditionals="0" methods="2" coveredmethods="2"/>
        <line num="11" count="7" type="stmt"/>
        <line num="14" count="13" type="stmt"/>
        <line num="29" count="13" type="stmt"/>
      </file>
      <file name="Styles.js" path="C:\Users\val\Documents\ReactNativeProjects\Project-master\App1\Styles.js">
        <metrics statements="1" coveredstatements="1" conditionals="0" coveredconditionals="0" methods="0" coveredmethods="0"/>
        <line num="3" count="7" type="stmt"/>
      </file>
      <file name="assetsTransformer.js" path="C:\Users\val\Documents\ReactNativeProjects\Project-master\App1\assetsTransformer.js">
        <metrics statements="3" coveredstatements="0" conditionals="0" coveredconditionals="0" methods="1" coveredmethods="0"/>
        <line num="2" count="0" type="stmt"/>
        <line num="4" count="0" type="stmt"/>
        <line num="6" count="0" type="stmt"/>
      </file>
      <file name="firebaseConfig.js" path="C:\Users\val\Documents\ReactNativeProjects\Project-master\App1\firebaseConfig.js">
        <metrics statements="2" coveredstatements="2" conditionals="0" coveredconditionals="0" methods="0" coveredmethods="0"/>
        <line num="14" count="7" type="stmt"/>
        <line num="27" count="7" type="stmt"/>
      </file>
      <file name="metro.config.js" path="C:\Users\val\Documents\ReactNativeProjects\Project-master\App1\metro.config.js">
        <metrics statements="4" coveredstatements="0" conditionals="0" coveredconditionals="0" methods="0" coveredmethods="0"/>
        <line num="2" count="0" type="stmt"/>
        <line num="3" count="0" type="stmt"/>
        <line num="4" count="0" type="stmt"/>
        <line num="5" count="0" type="stmt"/>
      </file>
    </package>
    <package name="App1.src.components">
      <metrics statements="8" coveredstatements="8" conditionals="0" coveredconditionals="0" methods="3" coveredmethods="3"/>
      <file name="CustomButton.js" path="C:\Users\val\Documents\ReactNativeProjects\Project-master\App1\src\components\CustomButton.js">
        <metrics statements="3" coveredstatements="3" conditionals="0" coveredconditionals="0" methods="1" coveredmethods="1"/>
        <line num="3" count="7" type="stmt"/>
        <line num="4" count="37" type="stmt"/>
        <line num="15" count="7" type="stmt"/>
      </file>
      <file name="CustomLine.js" path="C:\Users\val\Documents\ReactNativeProjects\Project-master\App1\src\components\CustomLine.js">
        <metrics statements="2" coveredstatements="2" conditionals="0" coveredconditionals="0" methods="1" coveredmethods="1"/>
        <line num="4" count="33" type="stmt"/>
        <line num="13" count="7" type="stmt"/>
      </file>
      <file name="CustomListComponent.js" path="C:\Users\val\Documents\ReactNativeProjects\Project-master\App1\src\components\CustomListComponent.js">
        <metrics statements="3" coveredstatements="3" conditionals="0" coveredconditionals="0" methods="1" coveredmethods="1"/>
        <line num="5" count="7" type="stmt"/>
        <line num="6" count="50" type="stmt"/>
        <line num="23" count="7" type="stmt"/>
      </file>
    </package>
    <package name="App1.src.screens">
      <metrics statements="84" coveredstatements="61" conditionals="20" coveredconditionals="5" methods="34" coveredmethods="25"/>
      <file name="HomeScreen.js" path="C:\Users\val\Documents\ReactNativeProjects\Project-master\App1\src\screens\HomeScreen.js">
        <metrics statements="4" coveredstatements="4" conditionals="0" coveredconditionals="0" methods="3" coveredmethods="3"/>
        <line num="6" count="13" type="stmt"/>
        <line num="8" count="6" type="stmt"/>
        <line num="9" count="3" type="stmt"/>
        <line num="16" count="7" type="stmt"/>
      </file>
      <file name="OrderScreen.js" path="C:\Users\val\Documents\ReactNativeProjects\Project-master\App1\src\screens\OrderScreen.js">
        <metrics statements="23" coveredstatements="12" conditionals="8" coveredconditionals="2" methods="8" coveredmethods="4"/>
        <line num="17" count="7" type="stmt"/>
        <line num="18" count="7" type="stmt"/>
        <line num="19" count="7" type="stmt"/>
        <line num="20" count="7" type="stmt"/>
        <line num="23" count="7" type="stmt"/>
        <line num="25" count="7" type="stmt"/>
        <line num="35" count="0" type="stmt"/>
        <line num="38" count="0" type="stmt"/>
        <line num="44" count="0" type="stmt"/>
        <line num="53" count="7" type="stmt"/>
        <line num="54" count="7" type="cond" truecount="2" falsecount="0"/>
        <line num="55" count="6" type="stmt"/>
        <line num="57" count="7" type="stmt"/>
        <line num="58" count="0" type="stmt"/>
        <line num="59" count="0" type="stmt"/>
        <line num="60" count="0" type="stmt"/>
        <line num="61" count="0" type="stmt"/>
        <line num="62" count="0" type="cond" truecount="0" falsecount="2"/>
        <line num="63" count="0" type="cond" truecount="0" falsecount="2"/>
        <line num="64" count="0" type="cond" truecount="0" falsecount="2"/>
        <line num="65" count="0" type="stmt"/>
        <line num="68" count="7" type="stmt"/>
        <line num="83" count="7" type="stmt"/>
      </file>
      <file name="OrdersScreen.js" path="C:\Users\val\Documents\ReactNativeProjects\Project-master\App1\src\screens\OrdersScreen.js">
        <metrics statements="12" coveredstatements="12" conditionals="0" coveredconditionals="0" methods="7" coveredmethods="7"/>
        <line num="17" count="17" type="stmt"/>
        <line num="19" count="17" type="stmt"/>
        <line num="21" count="17" type="stmt"/>
        <line num="22" count="6" type="stmt"/>
        <line num="24" count="5" type="stmt"/>
        <line num="25" count="5" type="stmt"/>
        <line num="27" count="30" type="stmt"/>
        <line num="35" count="30" type="stmt"/>
        <line num="42" count="17" type="stmt"/>
        <line num="53" count="45" type="stmt"/>
        <line num="57" count="5" type="stmt"/>
        <line num="70" count="7" type="stmt"/>
      </file>
      <file name="WaitingOrderScreen.js" path="C:\Users\val\Documents\ReactNativeProjects\Project-master\App1\src\screens\WaitingOrderScreen.js">
        <metrics statements="20" coveredstatements="9" conditionals="6" coveredconditionals="0" methods="7" coveredmethods="3"/>
        <line num="14" count="3" type="stmt"/>
        <line num="15" count="3" type="stmt"/>
        <line num="16" count="3" type="stmt"/>
        <line num="18" count="3" type="stmt"/>
        <line num="20" count="3" type="stmt"/>
        <line num="26" count="0" type="stmt"/>
        <line num="28" count="0" type="stmt"/>
        <line num="33" count="0" type="stmt"/>
        <line num="42" count="3" type="stmt"/>
        <line num="43" count="0" type="stmt"/>
        <line num="44" count="0" type="stmt"/>
        <line num="45" count="0" type="stmt"/>
        <line num="46" count="0" type="stmt"/>
        <line num="47" count="0" type="cond" truecount="0" falsecount="2"/>
        <line num="48" count="0" type="cond" truecount="0" falsecount="2"/>
        <line num="49" count="0" type="cond" truecount="0" falsecount="2"/>
        <line num="50" count="0" type="stmt"/>
        <line num="53" count="3" type="stmt"/>
        <line num="62" count="1" type="stmt"/>
        <line num="69" count="7" type="stmt"/>
      </file>
      <file name="WaitingOrdersScreen.js" path="C:\Users\val\Documents\ReactNativeProjects\Project-master\App1\src\screens\WaitingOrdersScreen.js">
        <metrics statements="25" coveredstatements="24" conditionals="6" coveredconditionals="3" methods="9" coveredmethods="8"/>
        <line num="19" count="9" type="stmt"/>
        <line num="21" count="9" type="stmt"/>
        <line num="22" count="9" type="stmt"/>
        <line num="24" count="9" type="stmt"/>
        <line num="25" count="3" type="stmt"/>
        <line num="27" count="2" type="stmt"/>
        <line num="28" count="2" type="stmt"/>
        <line num="29" count="4" type="stmt"/>
        <line num="39" count="4" type="stmt"/>
        <line num="43" count="3" type="stmt"/>
        <line num="47" count="9" type="stmt"/>
        <line num="48" count="3" type="stmt"/>
        <line num="49" count="3" type="stmt"/>
        <line num="50" count="3" type="stmt"/>
        <line num="51" count="3" type="stmt"/>
        <line num="52" count="3" type="cond" truecount="1" falsecount="1"/>
        <line num="53" count="3" type="cond" truecount="1" falsecount="1"/>
        <line num="54" count="3" type="cond" truecount="1" falsecount="1"/>
        <line num="55" count="3" type="stmt"/>
        <line num="58" count="9" type="stmt"/>
        <line num="59" count="0" type="stmt"/>
        <line num="63" count="9" type="stmt"/>
        <line num="74" count="5" type="stmt"/>
        <line num="78" count="2" type="stmt"/>
        <line num="91" count="7" type="stmt"/>
      </file>
    </package>
  </project>
</coverage>
