{"C:\\Users\\val\\Documents\\ReactNativeProjects\\Project-master\\App1\\App.js": {"path":"C:\\Users\\val\\Documents\\ReactNativeProjects\\Project-master\\App1\\App.js","statementMap":{"0":{"start":{"line":11,"column":14},"end":{"line":11,"column":42}},"1":{"start":{"line":14,"column":2},"end":{"line":25,"column":4}},"2":{"start":{"line":29,"column":2},"end":{"line":32,"column":3}}},"fnMap":{"0":{"name":"Navigation","decl":{"start":{"line":13,"column":9},"end":{"line":13,"column":19}},"loc":{"start":{"line":13,"column":21},"end":{"line":26,"column":1}},"line":13},"1":{"name":"App","decl":{"start":{"line":28,"column":9},"end":{"line":28,"column":12}},"loc":{"start":{"line":28,"column":14},"end":{"line":33,"column":1}},"line":28}},"branchMap":{},"s":{"0":7,"1":13,"2":13},"f":{"0":13,"1":13},"b":{},"_coverageSchema":"1a1c01bbd47fc00a2c39e90264f33305004495a9","hash":"220f5f4e95a0bdcdfeb7475c99bdc320a4c62c2f"}
,"C:\\Users\\val\\Documents\\ReactNativeProjects\\Project-master\\App1\\Styles.js": {"path":"C:\\Users\\val\\Documents\\ReactNativeProjects\\Project-master\\App1\\Styles.js","statementMap":{"0":{"start":{"line":3,"column":16},"end":{"line":80,"column":1}}},"fnMap":{},"branchMap":{},"s":{"0":7},"f":{},"b":{},"_coverageSchema":"1a1c01bbd47fc00a2c39e90264f33305004495a9","hash":"bc97fb3b68851f6620d4505fa8124779860ed65f"}
,"C:\\Users\\val\\Documents\\ReactNativeProjects\\Project-master\\App1\\assetsTransformer.js": {"path":"C:\\Users\\val\\Documents\\ReactNativeProjects\\Project-master\\App1\\assetsTransformer.js","statementMap":{"0":{"start":{"line":2,"column":13},"end":{"line":2,"column":28}},"1":{"start":{"line":4,"column":0},"end":{"line":8,"column":2}},"2":{"start":{"line":6,"column":4},"end":{"line":6,"column":79}}},"fnMap":{"0":{"name":"(anonymous_0)","decl":{"start":{"line":5,"column":2},"end":{"line":5,"column":3}},"loc":{"start":{"line":5,"column":42},"end":{"line":7,"column":3}},"line":5}},"branchMap":{},"s":{"0":0,"1":0,"2":0},"f":{"0":0},"b":{}}
,"C:\\Users\\val\\Documents\\ReactNativeProjects\\Project-master\\App1\\firebaseConfig.js": {"path":"C:\\Users\\val\\Documents\\ReactNativeProjects\\Project-master\\App1\\firebaseConfig.js","statementMap":{"0":{"start":{"line":14,"column":23},"end":{"line":23,"column":1}},"1":{"start":{"line":27,"column":0},"end":{"line":27,"column":34}}},"fnMap":{},"branchMap":{},"s":{"0":7,"1":7},"f":{},"b":{},"_coverageSchema":"1a1c01bbd47fc00a2c39e90264f33305004495a9","hash":"6ff2d88f2c7f879eaff96ee9c1ddfad0f3c032cd"}
,"C:\\Users\\val\\Documents\\ReactNativeProjects\\Project-master\\App1\\metro.config.js": {"path":"C:\\Users\\val\\Documents\\ReactNativeProjects\\Project-master\\App1\\metro.config.js","statementMap":{"0":{"start":{"line":2,"column":29},"end":{"line":2,"column":58}},"1":{"start":{"line":3,"column":22},"end":{"line":3,"column":49}},"2":{"start":{"line":4,"column":0},"end":{"line":4,"column":45}},"3":{"start":{"line":5,"column":0},"end":{"line":5,"column":31}}},"fnMap":{},"branchMap":{},"s":{"0":0,"1":0,"2":0,"3":0},"f":{},"b":{}}
,"C:\\Users\\val\\Documents\\ReactNativeProjects\\Project-master\\App1\\src\\components\\CustomButton.js": {"path":"C:\\Users\\val\\Documents\\ReactNativeProjects\\Project-master\\App1\\src\\components\\CustomButton.js","statementMap":{"0":{"start":{"line":3,"column":21},"end":{"line":14,"column":1}},"1":{"start":{"line":4,"column":4},"end":{"line":13,"column":5}},"2":{"start":{"line":15,"column":16},"end":{"line":35,"column":1}}},"fnMap":{"0":{"name":"(anonymous_0)","decl":{"start":{"line":3,"column":21},"end":{"line":3,"column":22}},"loc":{"start":{"line":3,"column":41},"end":{"line":14,"column":1}},"line":3}},"branchMap":{},"s":{"0":7,"1":37,"2":7},"f":{"0":37},"b":{},"_coverageSchema":"1a1c01bbd47fc00a2c39e90264f33305004495a9","hash":"eaa4fafd9c2ef78d62d95df40371c6ab70b44a0e"}
,"C:\\Users\\val\\Documents\\ReactNativeProjects\\Project-master\\App1\\src\\components\\CustomLine.js": {"path":"C:\\Users\\val\\Documents\\ReactNativeProjects\\Project-master\\App1\\src\\components\\CustomLine.js","statementMap":{"0":{"start":{"line":4,"column":4},"end":{"line":11,"column":5}},"1":{"start":{"line":13,"column":15},"end":{"line":30,"column":1}}},"fnMap":{"0":{"name":"(anonymous_0)","decl":{"start":{"line":3,"column":28},"end":{"line":3,"column":29}},"loc":{"start":{"line":3,"column":46},"end":{"line":12,"column":1}},"line":3}},"branchMap":{},"s":{"0":33,"1":7},"f":{"0":33},"b":{},"_coverageSchema":"1a1c01bbd47fc00a2c39e90264f33305004495a9","hash":"95898099467548bd5d7dd1418a0ee0c871f68d56"}
,"C:\\Users\\val\\Documents\\ReactNativeProjects\\Project-master\\App1\\src\\components\\CustomListComponent.js": {"path":"C:\\Users\\val\\Documents\\ReactNativeProjects\\Project-master\\App1\\src\\components\\CustomListComponent.js","statementMap":{"0":{"start":{"line":5,"column":28},"end":{"line":22,"column":1}},"1":{"start":{"line":6,"column":4},"end":{"line":21,"column":5}},"2":{"start":{"line":23,"column":16},"end":{"line":60,"column":1}}},"fnMap":{"0":{"name":"(anonymous_0)","decl":{"start":{"line":5,"column":28},"end":{"line":5,"column":29}},"loc":{"start":{"line":5,"column":78},"end":{"line":22,"column":1}},"line":5}},"branchMap":{},"s":{"0":7,"1":50,"2":7},"f":{"0":50},"b":{},"_coverageSchema":"1a1c01bbd47fc00a2c39e90264f33305004495a9","hash":"1dc1fa215b1f57e58105301defc2d6ff842447c8"}
,"C:\\Users\\val\\Documents\\ReactNativeProjects\\Project-master\\App1\\src\\screens\\HomeScreen.js": {"path":"C:\\Users\\val\\Documents\\ReactNativeProjects\\Project-master\\App1\\src\\screens\\HomeScreen.js","statementMap":{"0":{"start":{"line":6,"column":4},"end":{"line":12,"column":5}},"1":{"start":{"line":8,"column":60},"end":{"line":8,"column":78}},"2":{"start":{"line":9,"column":64},"end":{"line":9,"column":90}},"3":{"start":{"line":16,"column":16},"end":{"line":27,"column":3}}},"fnMap":{"0":{"name":"HomeScreen","decl":{"start":{"line":4,"column":16},"end":{"line":4,"column":26}},"loc":{"start":{"line":4,"column":55},"end":{"line":13,"column":1}},"line":4},"1":{"name":"(anonymous_1)","decl":{"start":{"line":8,"column":54},"end":{"line":8,"column":55}},"loc":{"start":{"line":8,"column":60},"end":{"line":8,"column":78}},"line":8},"2":{"name":"(anonymous_2)","decl":{"start":{"line":9,"column":58},"end":{"line":9,"column":59}},"loc":{"start":{"line":9,"column":64},"end":{"line":9,"column":90}},"line":9}},"branchMap":{},"s":{"0":13,"1":6,"2":3,"3":7},"f":{"0":13,"1":6,"2":3},"b":{},"_coverageSchema":"1a1c01bbd47fc00a2c39e90264f33305004495a9","hash":"840749f82224f87043bd5775cff4688f28d4c7d7"}
,"C:\\Users\\val\\Documents\\ReactNativeProjects\\Project-master\\App1\\src\\screens\\OrderScreen.js": {"path":"C:\\Users\\val\\Documents\\ReactNativeProjects\\Project-master\\App1\\src\\screens\\OrderScreen.js","statementMap":{"0":{"start":{"line":17,"column":51},"end":{"line":17,"column":63}},"1":{"start":{"line":18,"column":38},"end":{"line":18,"column":53}},"2":{"start":{"line":19,"column":34},"end":{"line":19,"column":51}},"3":{"start":{"line":20,"column":20},"end":{"line":20,"column":34}},"4":{"start":{"line":23,"column":18},"end":{"line":52,"column":1}},"5":{"start":{"line":25,"column":4},"end":{"line":50,"column":4}},"6":{"start":{"line":35,"column":50},"end":{"line":35,"column":70}},"7":{"start":{"line":38,"column":10},"end":{"line":45,"column":12}},"8":{"start":{"line":44,"column":12},"end":{"line":44,"column":30}},"9":{"start":{"line":53,"column":20},"end":{"line":56,"column":1}},"10":{"start":{"line":54,"column":2},"end":{"line":55,"column":91}},"11":{"start":{"line":55,"column":4},"end":{"line":55,"column":90}},"12":{"start":{"line":55,"column":67},"end":{"line":55,"column":86}},"13":{"start":{"line":57,"column":25},"end":{"line":66,"column":3}},"14":{"start":{"line":58,"column":16},"end":{"line":58,"column":26}},"15":{"start":{"line":59,"column":15},"end":{"line":59,"column":34}},"16":{"start":{"line":60,"column":16},"end":{"line":60,"column":35}},"17":{"start":{"line":61,"column":15},"end":{"line":61,"column":33}},"18":{"start":{"line":62,"column":16},"end":{"line":62,"column":69}},"19":{"start":{"line":63,"column":18},"end":{"line":63,"column":75}},"20":{"start":{"line":64,"column":18},"end":{"line":64,"column":75}},"21":{"start":{"line":65,"column":4},"end":{"line":65,"column":89}},"22":{"start":{"line":68,"column":2},"end":{"line":79,"column":4}},"23":{"start":{"line":83,"column":16},"end":{"line":94,"column":1}}},"fnMap":{"0":{"name":"OrderScreen","decl":{"start":{"line":16,"column":9},"end":{"line":16,"column":20}},"loc":{"start":{"line":16,"column":55},"end":{"line":80,"column":1}},"line":16},"1":{"name":"(anonymous_1)","decl":{"start":{"line":23,"column":18},"end":{"line":23,"column":19}},"loc":{"start":{"line":23,"column":24},"end":{"line":52,"column":1}},"line":23},"2":{"name":"(anonymous_2)","decl":{"start":{"line":35,"column":45},"end":{"line":35,"column":46}},"loc":{"start":{"line":35,"column":49},"end":{"line":35,"column":71}},"line":35},"3":{"name":"(anonymous_3)","decl":{"start":{"line":36,"column":41},"end":{"line":36,"column":42}},"loc":{"start":{"line":36,"column":46},"end":{"line":48,"column":7}},"line":36},"4":{"name":"(anonymous_4)","decl":{"start":{"line":43,"column":16},"end":{"line":43,"column":17}},"loc":{"start":{"line":43,"column":22},"end":{"line":45,"column":11}},"line":43},"5":{"name":"(anonymous_5)","decl":{"start":{"line":53,"column":20},"end":{"line":53,"column":21}},"loc":{"start":{"line":53,"column":26},"end":{"line":56,"column":1}},"line":53},"6":{"name":"(anonymous_6)","decl":{"start":{"line":55,"column":61},"end":{"line":55,"column":62}},"loc":{"start":{"line":55,"column":67},"end":{"line":55,"column":86}},"line":55},"7":{"name":"(anonymous_7)","decl":{"start":{"line":57,"column":25},"end":{"line":57,"column":26}},"loc":{"start":{"line":57,"column":31},"end":{"line":66,"column":3}},"line":57}},"branchMap":{"0":{"loc":{"start":{"line":54,"column":2},"end":{"line":55,"column":91}},"type":"if","locations":[{"start":{"line":54,"column":2},"end":{"line":55,"column":91}},{"start":{},"end":{}}],"line":54},"1":{"loc":{"start":{"line":62,"column":17},"end":{"line":62,"column":49}},"type":"cond-expr","locations":[{"start":{"line":62,"column":41},"end":{"line":62,"column":44}},{"start":{"line":62,"column":47},"end":{"line":62,"column":49}}],"line":62},"2":{"loc":{"start":{"line":63,"column":19},"end":{"line":63,"column":53}},"type":"cond-expr","locations":[{"start":{"line":63,"column":45},"end":{"line":63,"column":48}},{"start":{"line":63,"column":51},"end":{"line":63,"column":53}}],"line":63},"3":{"loc":{"start":{"line":64,"column":19},"end":{"line":64,"column":53}},"type":"cond-expr","locations":[{"start":{"line":64,"column":45},"end":{"line":64,"column":48}},{"start":{"line":64,"column":51},"end":{"line":64,"column":53}}],"line":64}},"s":{"0":7,"1":7,"2":7,"3":7,"4":7,"5":7,"6":0,"7":0,"8":0,"9":7,"10":7,"11":6,"12":2,"13":7,"14":0,"15":0,"16":0,"17":0,"18":0,"19":0,"20":0,"21":0,"22":7,"23":7},"f":{"0":7,"1":7,"2":0,"3":0,"4":0,"5":7,"6":2,"7":0},"b":{"0":[6,1],"1":[0,0],"2":[0,0],"3":[0,0]},"_coverageSchema":"1a1c01bbd47fc00a2c39e90264f33305004495a9","hash":"99d970f9a9061f889b7caa410e6b033200fc64cd"}
,"C:\\Users\\val\\Documents\\ReactNativeProjects\\Project-master\\App1\\src\\screens\\OrdersScreen.js": {"path":"C:\\Users\\val\\Documents\\ReactNativeProjects\\Project-master\\App1\\src\\screens\\OrdersScreen.js","statementMap":{"0":{"start":{"line":17,"column":22},"end":{"line":17,"column":36}},"1":{"start":{"line":19,"column":32},"end":{"line":19,"column":44}},"2":{"start":{"line":21,"column":4},"end":{"line":39,"column":12}},"3":{"start":{"line":22,"column":6},"end":{"line":37,"column":10}},"4":{"start":{"line":24,"column":10},"end":{"line":24,"column":24}},"5":{"start":{"line":25,"column":10},"end":{"line":36,"column":12}},"6":{"start":{"line":27,"column":27},"end":{"line":34,"column":13}},"7":{"start":{"line":35,"column":12},"end":{"line":35,"column":61}},"8":{"start":{"line":35,"column":36},"end":{"line":35,"column":59}},"9":{"start":{"line":42,"column":4},"end":{"line":65,"column":5}},"10":{"start":{"line":53,"column":12},"end":{"line":60,"column":14}},"11":{"start":{"line":57,"column":32},"end":{"line":57,"column":55}},"12":{"start":{"line":70,"column":18},"end":{"line":98,"column":3}}},"fnMap":{"0":{"name":"OrdersScreen","decl":{"start":{"line":15,"column":18},"end":{"line":15,"column":30}},"loc":{"start":{"line":15,"column":59},"end":{"line":66,"column":3}},"line":15},"1":{"name":"(anonymous_1)","decl":{"start":{"line":21,"column":14},"end":{"line":21,"column":15}},"loc":{"start":{"line":21,"column":18},"end":{"line":39,"column":7}},"line":21},"2":{"name":"(anonymous_2)","decl":{"start":{"line":23,"column":8},"end":{"line":23,"column":9}},"loc":{"start":{"line":23,"column":20},"end":{"line":37,"column":9}},"line":23},"3":{"name":"(anonymous_3)","decl":{"start":{"line":25,"column":27},"end":{"line":25,"column":28}},"loc":{"start":{"line":25,"column":38},"end":{"line":36,"column":11}},"line":25},"4":{"name":"(anonymous_4)","decl":{"start":{"line":35,"column":22},"end":{"line":35,"column":23}},"loc":{"start":{"line":35,"column":36},"end":{"line":35,"column":59}},"line":35},"5":{"name":"(anonymous_5)","decl":{"start":{"line":52,"column":22},"end":{"line":52,"column":23}},"loc":{"start":{"line":52,"column":34},"end":{"line":61,"column":11}},"line":52},"6":{"name":"(anonymous_6)","decl":{"start":{"line":57,"column":26},"end":{"line":57,"column":27}},"loc":{"start":{"line":57,"column":32},"end":{"line":57,"column":55}},"line":57}},"branchMap":{},"s":{"0":17,"1":17,"2":17,"3":6,"4":5,"5":5,"6":30,"7":30,"8":30,"9":17,"10":45,"11":5,"12":7},"f":{"0":17,"1":6,"2":5,"3":30,"4":30,"5":45,"6":5},"b":{},"_coverageSchema":"1a1c01bbd47fc00a2c39e90264f33305004495a9","hash":"ccb10756dba65dea09652538236e1f4df9282ebc"}
,"C:\\Users\\val\\Documents\\ReactNativeProjects\\Project-master\\App1\\src\\screens\\WaitingOrderScreen.js": {"path":"C:\\Users\\val\\Documents\\ReactNativeProjects\\Project-master\\App1\\src\\screens\\WaitingOrderScreen.js","statementMap":{"0":{"start":{"line":14,"column":73},"end":{"line":14,"column":85}},"1":{"start":{"line":15,"column":38},"end":{"line":15,"column":53}},"2":{"start":{"line":16,"column":20},"end":{"line":16,"column":34}},"3":{"start":{"line":18,"column":18},"end":{"line":41,"column":3}},"4":{"start":{"line":20,"column":6},"end":{"line":39,"column":6}},"5":{"start":{"line":26,"column":48},"end":{"line":26,"column":68}},"6":{"start":{"line":28,"column":12},"end":{"line":34,"column":12}},"7":{"start":{"line":33,"column":16},"end":{"line":33,"column":42}},"8":{"start":{"line":42,"column":25},"end":{"line":51,"column":3}},"9":{"start":{"line":43,"column":16},"end":{"line":43,"column":26}},"10":{"start":{"line":44,"column":15},"end":{"line":44,"column":34}},"11":{"start":{"line":45,"column":16},"end":{"line":45,"column":35}},"12":{"start":{"line":46,"column":15},"end":{"line":46,"column":33}},"13":{"start":{"line":47,"column":16},"end":{"line":47,"column":69}},"14":{"start":{"line":48,"column":18},"end":{"line":48,"column":75}},"15":{"start":{"line":49,"column":18},"end":{"line":49,"column":75}},"16":{"start":{"line":50,"column":4},"end":{"line":50,"column":89}},"17":{"start":{"line":53,"column":2},"end":{"line":65,"column":4}},"18":{"start":{"line":62,"column":53},"end":{"line":62,"column":72}},"19":{"start":{"line":69,"column":16},"end":{"line":80,"column":1}}},"fnMap":{"0":{"name":"WaitingOrderScreen","decl":{"start":{"line":13,"column":9},"end":{"line":13,"column":27}},"loc":{"start":{"line":13,"column":62},"end":{"line":66,"column":1}},"line":13},"1":{"name":"(anonymous_1)","decl":{"start":{"line":18,"column":18},"end":{"line":18,"column":19}},"loc":{"start":{"line":18,"column":24},"end":{"line":41,"column":3}},"line":18},"2":{"name":"(anonymous_2)","decl":{"start":{"line":26,"column":43},"end":{"line":26,"column":44}},"loc":{"start":{"line":26,"column":47},"end":{"line":26,"column":69}},"line":26},"3":{"name":"(anonymous_3)","decl":{"start":{"line":27,"column":44},"end":{"line":27,"column":45}},"loc":{"start":{"line":27,"column":49},"end":{"line":37,"column":9}},"line":27},"4":{"name":"(anonymous_4)","decl":{"start":{"line":32,"column":20},"end":{"line":32,"column":21}},"loc":{"start":{"line":32,"column":26},"end":{"line":34,"column":11}},"line":32},"5":{"name":"(anonymous_5)","decl":{"start":{"line":42,"column":25},"end":{"line":42,"column":26}},"loc":{"start":{"line":42,"column":31},"end":{"line":51,"column":3}},"line":42},"6":{"name":"(anonymous_6)","decl":{"start":{"line":62,"column":47},"end":{"line":62,"column":48}},"loc":{"start":{"line":62,"column":53},"end":{"line":62,"column":72}},"line":62}},"branchMap":{"0":{"loc":{"start":{"line":47,"column":17},"end":{"line":47,"column":49}},"type":"cond-expr","locations":[{"start":{"line":47,"column":41},"end":{"line":47,"column":44}},{"start":{"line":47,"column":47},"end":{"line":47,"column":49}}],"line":47},"1":{"loc":{"start":{"line":48,"column":19},"end":{"line":48,"column":53}},"type":"cond-expr","locations":[{"start":{"line":48,"column":45},"end":{"line":48,"column":48}},{"start":{"line":48,"column":51},"end":{"line":48,"column":53}}],"line":48},"2":{"loc":{"start":{"line":49,"column":19},"end":{"line":49,"column":53}},"type":"cond-expr","locations":[{"start":{"line":49,"column":45},"end":{"line":49,"column":48}},{"start":{"line":49,"column":51},"end":{"line":49,"column":53}}],"line":49}},"s":{"0":3,"1":3,"2":3,"3":3,"4":3,"5":0,"6":0,"7":0,"8":3,"9":0,"10":0,"11":0,"12":0,"13":0,"14":0,"15":0,"16":0,"17":3,"18":1,"19":7},"f":{"0":3,"1":3,"2":0,"3":0,"4":0,"5":0,"6":1},"b":{"0":[0,0],"1":[0,0],"2":[0,0]},"_coverageSchema":"1a1c01bbd47fc00a2c39e90264f33305004495a9","hash":"b4a7dc8b7fce100492567e048f83fb84ad4f687e"}
,"C:\\Users\\val\\Documents\\ReactNativeProjects\\Project-master\\App1\\src\\screens\\WaitingOrdersScreen.js": {"path":"C:\\Users\\val\\Documents\\ReactNativeProjects\\Project-master\\App1\\src\\screens\\WaitingOrdersScreen.js","statementMap":{"0":{"start":{"line":19,"column":20},"end":{"line":19,"column":34}},"1":{"start":{"line":21,"column":30},"end":{"line":21,"column":42}},"2":{"start":{"line":22,"column":25},"end":{"line":22,"column":39}},"3":{"start":{"line":24,"column":2},"end":{"line":45,"column":10}},"4":{"start":{"line":25,"column":4},"end":{"line":41,"column":8}},"5":{"start":{"line":27,"column":8},"end":{"line":27,"column":22}},"6":{"start":{"line":28,"column":8},"end":{"line":40,"column":10}},"7":{"start":{"line":29,"column":25},"end":{"line":38,"column":11}},"8":{"start":{"line":39,"column":10},"end":{"line":39,"column":59}},"9":{"start":{"line":39,"column":34},"end":{"line":39,"column":57}},"10":{"start":{"line":43,"column":6},"end":{"line":43,"column":31}},"11":{"start":{"line":47,"column":27},"end":{"line":56,"column":5}},"12":{"start":{"line":48,"column":18},"end":{"line":48,"column":28}},"13":{"start":{"line":49,"column":17},"end":{"line":49,"column":36}},"14":{"start":{"line":50,"column":18},"end":{"line":50,"column":37}},"15":{"start":{"line":51,"column":17},"end":{"line":51,"column":35}},"16":{"start":{"line":52,"column":18},"end":{"line":52,"column":71}},"17":{"start":{"line":53,"column":20},"end":{"line":53,"column":77}},"18":{"start":{"line":54,"column":20},"end":{"line":54,"column":77}},"19":{"start":{"line":55,"column":6},"end":{"line":55,"column":91}},"20":{"start":{"line":58,"column":22},"end":{"line":62,"column":4}},"21":{"start":{"line":59,"column":4},"end":{"line":59,"column":27}},"22":{"start":{"line":63,"column":2},"end":{"line":86,"column":3}},"23":{"start":{"line":74,"column":10},"end":{"line":81,"column":12}},"24":{"start":{"line":78,"column":30},"end":{"line":78,"column":61}},"25":{"start":{"line":91,"column":16},"end":{"line":118,"column":1}}},"fnMap":{"0":{"name":"WaitingOrdersScreen","decl":{"start":{"line":17,"column":16},"end":{"line":17,"column":35}},"loc":{"start":{"line":17,"column":64},"end":{"line":87,"column":1}},"line":17},"1":{"name":"(anonymous_1)","decl":{"start":{"line":24,"column":12},"end":{"line":24,"column":13}},"loc":{"start":{"line":24,"column":16},"end":{"line":45,"column":5}},"line":24},"2":{"name":"(anonymous_2)","decl":{"start":{"line":26,"column":6},"end":{"line":26,"column":7}},"loc":{"start":{"line":26,"column":18},"end":{"line":41,"column":7}},"line":26},"3":{"name":"(anonymous_3)","decl":{"start":{"line":28,"column":25},"end":{"line":28,"column":26}},"loc":{"start":{"line":28,"column":36},"end":{"line":40,"column":9}},"line":28},"4":{"name":"(anonymous_4)","decl":{"start":{"line":39,"column":20},"end":{"line":39,"column":21}},"loc":{"start":{"line":39,"column":34},"end":{"line":39,"column":57}},"line":39},"5":{"name":"(anonymous_5)","decl":{"start":{"line":47,"column":27},"end":{"line":47,"column":28}},"loc":{"start":{"line":47,"column":33},"end":{"line":56,"column":5}},"line":47},"6":{"name":"(anonymous_6)","decl":{"start":{"line":58,"column":22},"end":{"line":58,"column":23}},"loc":{"start":{"line":58,"column":32},"end":{"line":62,"column":4}},"line":58},"7":{"name":"(anonymous_7)","decl":{"start":{"line":73,"column":20},"end":{"line":73,"column":21}},"loc":{"start":{"line":73,"column":32},"end":{"line":82,"column":9}},"line":73},"8":{"name":"(anonymous_8)","decl":{"start":{"line":78,"column":24},"end":{"line":78,"column":25}},"loc":{"start":{"line":78,"column":30},"end":{"line":78,"column":61}},"line":78}},"branchMap":{"0":{"loc":{"start":{"line":52,"column":19},"end":{"line":52,"column":51}},"type":"cond-expr","locations":[{"start":{"line":52,"column":43},"end":{"line":52,"column":46}},{"start":{"line":52,"column":49},"end":{"line":52,"column":51}}],"line":52},"1":{"loc":{"start":{"line":53,"column":21},"end":{"line":53,"column":55}},"type":"cond-expr","locations":[{"start":{"line":53,"column":47},"end":{"line":53,"column":50}},{"start":{"line":53,"column":53},"end":{"line":53,"column":55}}],"line":53},"2":{"loc":{"start":{"line":54,"column":21},"end":{"line":54,"column":55}},"type":"cond-expr","locations":[{"start":{"line":54,"column":47},"end":{"line":54,"column":50}},{"start":{"line":54,"column":53},"end":{"line":54,"column":55}}],"line":54}},"s":{"0":9,"1":9,"2":9,"3":9,"4":3,"5":2,"6":2,"7":4,"8":4,"9":4,"10":3,"11":9,"12":3,"13":3,"14":3,"15":3,"16":3,"17":3,"18":3,"19":3,"20":9,"21":0,"22":9,"23":5,"24":2,"25":7},"f":{"0":9,"1":3,"2":2,"3":4,"4":4,"5":3,"6":0,"7":5,"8":2},"b":{"0":[0,3],"1":[0,3],"2":[0,3]},"_coverageSchema":"1a1c01bbd47fc00a2c39e90264f33305004495a9","hash":"644028475a39098147bcb4cf01496d1fef0c3270"}
}
