TN:
SF:App.js
FN:13,Navigation
FN:28,App
FNF:2
FNH:2
FNDA:13,Navigation
FNDA:13,App
DA:11,7
DA:14,13
DA:29,13
LF:3
LH:3
BRF:0
BRH:0
end_of_record
TN:
SF:Styles.js
FNF:0
FNH:0
DA:3,7
LF:1
LH:1
BRF:0
BRH:0
end_of_record
TN:
SF:assetsTransformer.js
FN:5,(anonymous_0)
FNF:1
FNH:0
FNDA:0,(anonymous_0)
DA:2,0
DA:4,0
DA:6,0
LF:3
LH:0
BRF:0
BRH:0
end_of_record
TN:
SF:firebaseConfig.js
FNF:0
FNH:0
DA:14,7
DA:27,7
LF:2
LH:2
BRF:0
BRH:0
end_of_record
TN:
SF:metro.config.js
FNF:0
FNH:0
DA:2,0
DA:3,0
DA:4,0
DA:5,0
LF:4
LH:0
BRF:0
BRH:0
end_of_record
TN:
SF:src\components\CustomButton.js
FN:3,(anonymous_0)
FNF:1
FNH:1
FNDA:37,(anonymous_0)
DA:3,7
DA:4,37
DA:15,7
LF:3
LH:3
BRF:0
BRH:0
end_of_record
TN:
SF:src\components\CustomLine.js
FN:3,(anonymous_0)
FNF:1
FNH:1
FNDA:33,(anonymous_0)
DA:4,33
DA:13,7
LF:2
LH:2
BRF:0
BRH:0
end_of_record
TN:
SF:src\components\CustomListComponent.js
FN:5,(anonymous_0)
FNF:1
FNH:1
FNDA:50,(anonymous_0)
DA:5,7
DA:6,50
DA:23,7
LF:3
LH:3
BRF:0
BRH:0
end_of_record
TN:
SF:src\screens\HomeScreen.js
FN:4,HomeScreen
FN:8,(anonymous_1)
FN:9,(anonymous_2)
FNF:3
FNH:3
FNDA:13,HomeScreen
FNDA:6,(anonymous_1)
FNDA:3,(anonymous_2)
DA:6,13
DA:8,6
DA:9,3
DA:16,7
LF:4
LH:4
BRF:0
BRH:0
end_of_record
TN:
SF:src\screens\OrderScreen.js
FN:16,OrderScreen
FN:23,(anonymous_1)
FN:35,(anonymous_2)
FN:36,(anonymous_3)
FN:43,(anonymous_4)
FN:53,(anonymous_5)
FN:55,(anonymous_6)
FN:57,(anonymous_7)
FNF:8
FNH:4
FNDA:7,OrderScreen
FNDA:7,(anonymous_1)
FNDA:0,(anonymous_2)
FNDA:0,(anonymous_3)
FNDA:0,(anonymous_4)
FNDA:7,(anonymous_5)
FNDA:2,(anonymous_6)
FNDA:0,(anonymous_7)
DA:17,7
DA:18,7
DA:19,7
DA:20,7
DA:23,7
DA:25,7
DA:35,0
DA:38,0
DA:44,0
DA:53,7
DA:54,7
DA:55,6
DA:57,7
DA:58,0
DA:59,0
DA:60,0
DA:61,0
DA:62,0
DA:63,0
DA:64,0
DA:65,0
DA:68,7
DA:83,7
LF:23
LH:12
BRDA:54,0,0,6
BRDA:54,0,1,1
BRDA:62,1,0,0
BRDA:62,1,1,0
BRDA:63,2,0,0
BRDA:63,2,1,0
BRDA:64,3,0,0
BRDA:64,3,1,0
BRF:8
BRH:2
end_of_record
TN:
SF:src\screens\OrdersScreen.js
FN:15,OrdersScreen
FN:21,(anonymous_1)
FN:23,(anonymous_2)
FN:25,(anonymous_3)
FN:35,(anonymous_4)
FN:52,(anonymous_5)
FN:57,(anonymous_6)
FNF:7
FNH:7
FNDA:17,OrdersScreen
FNDA:6,(anonymous_1)
FNDA:5,(anonymous_2)
FNDA:30,(anonymous_3)
FNDA:30,(anonymous_4)
FNDA:45,(anonymous_5)
FNDA:5,(anonymous_6)
DA:17,17
DA:19,17
DA:21,17
DA:22,6
DA:24,5
DA:25,5
DA:27,30
DA:35,30
DA:42,17
DA:53,45
DA:57,5
DA:70,7
LF:12
LH:12
BRF:0
BRH:0
end_of_record
TN:
SF:src\screens\WaitingOrderScreen.js
FN:13,WaitingOrderScreen
FN:18,(anonymous_1)
FN:26,(anonymous_2)
FN:27,(anonymous_3)
FN:32,(anonymous_4)
FN:42,(anonymous_5)
FN:62,(anonymous_6)
FNF:7
FNH:3
FNDA:3,WaitingOrderScreen
FNDA:3,(anonymous_1)
FNDA:0,(anonymous_2)
FNDA:0,(anonymous_3)
FNDA:0,(anonymous_4)
FNDA:0,(anonymous_5)
FNDA:1,(anonymous_6)
DA:14,3
DA:15,3
DA:16,3
DA:18,3
DA:20,3
DA:26,0
DA:28,0
DA:33,0
DA:42,3
DA:43,0
DA:44,0
DA:45,0
DA:46,0
DA:47,0
DA:48,0
DA:49,0
DA:50,0
DA:53,3
DA:62,1
DA:69,7
LF:20
LH:9
BRDA:47,0,0,0
BRDA:47,0,1,0
BRDA:48,1,0,0
BRDA:48,1,1,0
BRDA:49,2,0,0
BRDA:49,2,1,0
BRF:6
BRH:0
end_of_record
TN:
SF:src\screens\WaitingOrdersScreen.js
FN:17,WaitingOrdersScreen
FN:24,(anonymous_1)
FN:26,(anonymous_2)
FN:28,(anonymous_3)
FN:39,(anonymous_4)
FN:47,(anonymous_5)
FN:58,(anonymous_6)
FN:73,(anonymous_7)
FN:78,(anonymous_8)
FNF:9
FNH:8
FNDA:9,WaitingOrdersScreen
FNDA:3,(anonymous_1)
FNDA:2,(anonymous_2)
FNDA:4,(anonymous_3)
FNDA:4,(anonymous_4)
FNDA:3,(anonymous_5)
FNDA:0,(anonymous_6)
FNDA:5,(anonymous_7)
FNDA:2,(anonymous_8)
DA:19,9
DA:21,9
DA:22,9
DA:24,9
DA:25,3
DA:27,2
DA:28,2
DA:29,4
DA:39,4
DA:43,3
DA:47,9
DA:48,3
DA:49,3
DA:50,3
DA:51,3
DA:52,3
DA:53,3
DA:54,3
DA:55,3
DA:58,9
DA:59,0
DA:63,9
DA:74,5
DA:78,2
DA:91,7
LF:25
LH:24
BRDA:52,0,0,0
BRDA:52,0,1,3
BRDA:53,1,0,0
BRDA:53,1,1,3
BRDA:54,2,0,0
BRDA:54,2,1,3
BRF:6
BRH:3
end_of_record
